<?xml version="1.0" encoding="UTF-8"?>
<!-- Generated by org.testng.reporters.JUnitReportReporter -->
<testsuite hostname="Chandan" failures="0" tests="1" name="test.test1" time="0.012" errors="0" timestamp="2025-06-09T11:45:19 IST" skipped="0">
  <testcase classname="test.test1" name="m1" time="0.012"/>
</testsuite> <!-- test.test1 -->
